flutter_frontend/build/app/intermediates/manifest_merge_blame_file/debug/manifest-merger-blame-debug-report.txt
1<?xml version="1.0" encoding="utf-8"?>
2<manifest xmlns:android="http://schemas.android.com/apk/res/android"
3    package="com.example.flutter_frontend"
4    android:versionCode="1"
5    android:versionName="1.0.0" >
6
7    <uses-sdk
8        android:minSdkVersion="21"
9        android:targetSdkVersion="34" />
10
11    <uses-permission android:name="android.permission.INTERNET" />
11-->src\main\AndroidManifest.xml:3:5-66
11-->src\main\AndroidManifest.xml:3:22-64
12    <uses-permission android:name="android.permission.ACCESS_NETWORK_STATE" />
12-->src\main\AndroidManifest.xml:4:5-78
12-->src\main\AndroidManifest.xml:4:22-76
13
14    <permission
14-->[androidx.core:core:1.13.1] AndroidManifest.xml:22:5-24:47
15        android:name="com.example.flutter_frontend.DYNAMIC_RECEIVER_NOT_EXPORTED_PERMISSION"
15-->[androidx.core:core:1.13.1] AndroidManifest.xml:23:9-81
16        android:protectionLevel="signature" />
16-->[androidx.core:core:1.13.1] AndroidManifest.xml:24:9-44
17
18    <uses-permission android:name="com.example.flutter_frontend.DYNAMIC_RECEIVER_NOT_EXPORTED_PERMISSION" />
18-->[androidx.core:core:1.13.1] AndroidManifest.xml:26:5-97
18-->[androidx.core:core:1.13.1] AndroidManifest.xml:26:22-94
19
20    <application
21        android:name="android.app.Application"
21-->src\main\AndroidManifest.xml:8:9-42
22        android:appComponentFactory="androidx.core.app.CoreComponentFactory"
22-->[androidx.core:core:1.13.1] AndroidManifest.xml:28:18-86
23        android:debuggable="true"
24        android:extractNativeLibs="true"
25        android:icon="@mipmap/ic_launcher"
25-->src\main\AndroidManifest.xml:9:9-43
26        android:label="Auth App"
26-->src\main\AndroidManifest.xml:7:9-33
27        android:usesCleartextTraffic="true" >
27-->src\main\AndroidManifest.xml:10:9-44
28        <activity
28-->src\main\AndroidManifest.xml:11:9-27:20
29            android:name="com.example.flutter_frontend.MainActivity"
29-->src\main\AndroidManifest.xml:12:13-41
30            android:configChanges="orientation|keyboardHidden|keyboard|screenSize|smallestScreenSize|locale|layoutDirection|fontScale|screenLayout|density|uiMode"
30-->src\main\AndroidManifest.xml:16:13-163
31            android:exported="true"
31-->src\main\AndroidManifest.xml:13:13-36
32            android:hardwareAccelerated="true"
32-->src\main\AndroidManifest.xml:17:13-47
33            android:launchMode="singleTop"
33-->src\main\AndroidManifest.xml:14:13-43
34            android:theme="@style/LaunchTheme"
34-->src\main\AndroidManifest.xml:15:13-47
35            android:windowSoftInputMode="adjustResize" >
35-->src\main\AndroidManifest.xml:18:13-55
36            <meta-data
36-->src\main\AndroidManifest.xml:19:13-22:17
37                android:name="io.flutter.embedding.android.NormalTheme"
37-->src\main\AndroidManifest.xml:20:15-70
38                android:resource="@style/NormalTheme" />
38-->src\main\AndroidManifest.xml:21:15-52
39
40            <intent-filter>
40-->src\main\AndroidManifest.xml:23:13-26:29
41                <action android:name="android.intent.action.MAIN" />
41-->src\main\AndroidManifest.xml:24:17-68
41-->src\main\AndroidManifest.xml:24:25-66
42
43                <category android:name="android.intent.category.LAUNCHER" />
43-->src\main\AndroidManifest.xml:25:17-76
43-->src\main\AndroidManifest.xml:25:27-74
44            </intent-filter>
45        </activity>
46
47        <meta-data
47-->src\main\AndroidManifest.xml:28:9-30:33
48            android:name="flutterEmbedding"
48-->src\main\AndroidManifest.xml:29:13-44
49            android:value="2" />
49-->src\main\AndroidManifest.xml:30:13-30
50
51        <uses-library
51-->[androidx.window:window:1.2.0] AndroidManifest.xml:23:9-25:40
52            android:name="androidx.window.extensions"
52-->[androidx.window:window:1.2.0] AndroidManifest.xml:24:13-54
53            android:required="false" />
53-->[androidx.window:window:1.2.0] AndroidManifest.xml:25:13-37
54        <uses-library
54-->[androidx.window:window:1.2.0] AndroidManifest.xml:26:9-28:40
55            android:name="androidx.window.sidecar"
55-->[androidx.window:window:1.2.0] AndroidManifest.xml:27:13-51
56            android:required="false" />
56-->[androidx.window:window:1.2.0] AndroidManifest.xml:28:13-37
57
58        <provider
58-->[androidx.lifecycle:lifecycle-process:2.7.0] AndroidManifest.xml:24:9-32:20
59            android:name="androidx.startup.InitializationProvider"
59-->[androidx.lifecycle:lifecycle-process:2.7.0] AndroidManifest.xml:25:13-67
60            android:authorities="com.example.flutter_frontend.androidx-startup"
60-->[androidx.lifecycle:lifecycle-process:2.7.0] AndroidManifest.xml:26:13-68
61            android:exported="false" >
61-->[androidx.lifecycle:lifecycle-process:2.7.0] AndroidManifest.xml:27:13-37
62            <meta-data
62-->[androidx.lifecycle:lifecycle-process:2.7.0] AndroidManifest.xml:29:13-31:52
63                android:name="androidx.lifecycle.ProcessLifecycleInitializer"
63-->[androidx.lifecycle:lifecycle-process:2.7.0] AndroidManifest.xml:30:17-78
64                android:value="androidx.startup" />
64-->[androidx.lifecycle:lifecycle-process:2.7.0] AndroidManifest.xml:31:17-49
65            <meta-data
65-->[androidx.profileinstaller:profileinstaller:1.3.1] AndroidManifest.xml:29:13-31:52
66                android:name="androidx.profileinstaller.ProfileInstallerInitializer"
66-->[androidx.profileinstaller:profileinstaller:1.3.1] AndroidManifest.xml:30:17-85
67                android:value="androidx.startup" />
67-->[androidx.profileinstaller:profileinstaller:1.3.1] AndroidManifest.xml:31:17-49
68        </provider>
69
70        <receiver
70-->[androidx.profileinstaller:profileinstaller:1.3.1] AndroidManifest.xml:34:9-52:20
71            android:name="androidx.profileinstaller.ProfileInstallReceiver"
71-->[androidx.profileinstaller:profileinstaller:1.3.1] AndroidManifest.xml:35:13-76
72            android:directBootAware="false"
72-->[androidx.profileinstaller:profileinstaller:1.3.1] AndroidManifest.xml:36:13-44
73            android:enabled="true"
73-->[androidx.profileinstaller:profileinstaller:1.3.1] AndroidManifest.xml:37:13-35
74            android:exported="true"
74-->[androidx.profileinstaller:profileinstaller:1.3.1] AndroidManifest.xml:38:13-36
75            android:permission="android.permission.DUMP" >
75-->[androidx.profileinstaller:profileinstaller:1.3.1] AndroidManifest.xml:39:13-57
76            <intent-filter>
76-->[androidx.profileinstaller:profileinstaller:1.3.1] AndroidManifest.xml:40:13-42:29
77                <action android:name="androidx.profileinstaller.action.INSTALL_PROFILE" />
77-->[androidx.profileinstaller:profileinstaller:1.3.1] AndroidManifest.xml:41:17-91
77-->[androidx.profileinstaller:profileinstaller:1.3.1] AndroidManifest.xml:41:25-88
78            </intent-filter>
79            <intent-filter>
79-->[androidx.profileinstaller:profileinstaller:1.3.1] AndroidManifest.xml:43:13-45:29
80                <action android:name="androidx.profileinstaller.action.SKIP_FILE" />
80-->[androidx.profileinstaller:profileinstaller:1.3.1] AndroidManifest.xml:44:17-85
80-->[androidx.profileinstaller:profileinstaller:1.3.1] AndroidManifest.xml:44:25-82
81            </intent-filter>
82            <intent-filter>
82-->[androidx.profileinstaller:profileinstaller:1.3.1] AndroidManifest.xml:46:13-48:29
83                <action android:name="androidx.profileinstaller.action.SAVE_PROFILE" />
83-->[androidx.profileinstaller:profileinstaller:1.3.1] AndroidManifest.xml:47:17-88
83-->[androidx.profileinstaller:profileinstaller:1.3.1] AndroidManifest.xml:47:25-85
84            </intent-filter>
85            <intent-filter>
85-->[androidx.profileinstaller:profileinstaller:1.3.1] AndroidManifest.xml:49:13-51:29
86                <action android:name="androidx.profileinstaller.action.BENCHMARK_OPERATION" />
86-->[androidx.profileinstaller:profileinstaller:1.3.1] AndroidManifest.xml:50:17-95
86-->[androidx.profileinstaller:profileinstaller:1.3.1] AndroidManifest.xml:50:25-92
87            </intent-filter>
88        </receiver>
89    </application>
90
91</manifest>